mode: atomic
github.com/SPTolkachev/cinmemory/cache_strategy.go:12.34,14.2 1 5
github.com/SPTolkachev/cinmemory/cache_strategy.go:17.35,18.14 1 2
github.com/SPTolkachev/cinmemory/cache_strategy.go:18.14,20.3 1 1
github.com/SPTolkachev/cinmemory/cache_strategy.go:22.2,22.11 1 1
github.com/SPTolkachev/cinmemory/cin_memory.go:26.64,27.25 1 3
github.com/SPTolkachev/cinmemory/cin_memory.go:27.25,29.3 1 1
github.com/SPTolkachev/cinmemory/cin_memory.go:30.2,30.19 1 2
github.com/SPTolkachev/cinmemory/cin_memory.go:30.19,32.3 1 1
github.com/SPTolkachev/cinmemory/cin_memory.go:34.2,37.8 1 1
github.com/SPTolkachev/cinmemory/logger/config.go:10.55,12.27 2 2
github.com/SPTolkachev/cinmemory/logger/config.go:12.27,14.3 1 5
github.com/SPTolkachev/cinmemory/logger/config.go:16.2,19.33 4 2
github.com/SPTolkachev/cinmemory/logger/console_logs.go:16.39,17.52 1 2
github.com/SPTolkachev/cinmemory/logger/console_logs.go:17.52,19.3 1 1
github.com/SPTolkachev/cinmemory/logger/console_logs.go:22.38,23.51 1 2
github.com/SPTolkachev/cinmemory/logger/console_logs.go:23.51,25.3 1 1
github.com/SPTolkachev/cinmemory/logger/console_logs.go:28.38,29.51 1 2
github.com/SPTolkachev/cinmemory/logger/console_logs.go:29.51,31.3 1 1
github.com/SPTolkachev/cinmemory/logger/console_logs.go:34.39,35.52 1 2
github.com/SPTolkachev/cinmemory/logger/console_logs.go:35.52,37.3 1 1
github.com/SPTolkachev/cinmemory/logger/level.go:20.31,22.2 1 8
github.com/SPTolkachev/cinmemory/logger/level.go:25.32,26.11 1 6
github.com/SPTolkachev/cinmemory/logger/level.go:27.11,28.12 1 1
github.com/SPTolkachev/cinmemory/logger/level.go:29.13,30.17 1 1
github.com/SPTolkachev/cinmemory/logger/level.go:31.12,32.16 1 1
github.com/SPTolkachev/cinmemory/logger/level.go:33.12,34.16 1 1
github.com/SPTolkachev/cinmemory/logger/level.go:35.13,36.17 1 1
github.com/SPTolkachev/cinmemory/logger/level.go:39.2,39.11 1 1
github.com/SPTolkachev/cinmemory/logger/logger.go:22.63,23.22 1 2
github.com/SPTolkachev/cinmemory/logger/logger.go:23.22,25.3 1 1
github.com/SPTolkachev/cinmemory/logger/logger.go:27.2,33.21 3 1
github.com/SPTolkachev/cinmemory/logger/logger.go:36.57,37.41 1 3
github.com/SPTolkachev/cinmemory/logger/logger.go:37.41,39.3 1 2
github.com/SPTolkachev/cinmemory/logger/logger.go:41.2,41.22 1 1
github.com/SPTolkachev/cinmemory/logger/logger.go:44.56,45.39 1 3
github.com/SPTolkachev/cinmemory/logger/logger.go:45.39,47.3 1 2
github.com/SPTolkachev/cinmemory/logger/logger.go:49.2,49.21 1 1
github.com/SPTolkachev/cinmemory/logger/logger.go:52.56,53.39 1 3
github.com/SPTolkachev/cinmemory/logger/logger.go:53.39,55.3 1 2
github.com/SPTolkachev/cinmemory/logger/logger.go:57.2,57.21 1 1
github.com/SPTolkachev/cinmemory/logger/logger.go:60.57,61.41 1 3
github.com/SPTolkachev/cinmemory/logger/logger.go:61.41,63.3 1 2
github.com/SPTolkachev/cinmemory/logger/logger.go:65.2,65.22 1 1
