mode: atomic
github.com/SPTolkachev/cinmemory/cache_strategy.go:12.34,14.2 1 5
github.com/SPTolkachev/cinmemory/cache_strategy.go:17.35,18.14 1 2
github.com/SPTolkachev/cinmemory/cache_strategy.go:18.14,20.3 1 1
github.com/SPTolkachev/cinmemory/cache_strategy.go:22.2,22.11 1 1
github.com/SPTolkachev/cinmemory/cin_memory.go:26.64,27.25 1 3
github.com/SPTolkachev/cinmemory/cin_memory.go:27.25,29.3 1 1
github.com/SPTolkachev/cinmemory/cin_memory.go:30.2,30.19 1 2
github.com/SPTolkachev/cinmemory/cin_memory.go:30.19,32.3 1 1
github.com/SPTolkachev/cinmemory/cin_memory.go:34.2,37.8 1 1
github.com/SPTolkachev/cinmemory/logger/console_logs.go:16.39,17.33 1 2
github.com/SPTolkachev/cinmemory/logger/console_logs.go:17.33,19.3 1 1
github.com/SPTolkachev/cinmemory/logger/console_logs.go:22.38,23.32 1 2
github.com/SPTolkachev/cinmemory/logger/console_logs.go:23.32,25.3 1 1
github.com/SPTolkachev/cinmemory/logger/console_logs.go:28.38,29.32 1 2
github.com/SPTolkachev/cinmemory/logger/console_logs.go:29.32,31.3 1 1
github.com/SPTolkachev/cinmemory/logger/console_logs.go:34.39,35.33 1 2
github.com/SPTolkachev/cinmemory/logger/console_logs.go:35.33,37.3 1 1
github.com/SPTolkachev/cinmemory/logger/level.go:20.31,22.2 1 8
github.com/SPTolkachev/cinmemory/logger/level.go:25.32,26.11 1 6
github.com/SPTolkachev/cinmemory/logger/level.go:27.11,28.12 1 1
github.com/SPTolkachev/cinmemory/logger/level.go:29.13,30.17 1 1
github.com/SPTolkachev/cinmemory/logger/level.go:31.12,32.16 1 1
github.com/SPTolkachev/cinmemory/logger/level.go:33.12,34.16 1 1
github.com/SPTolkachev/cinmemory/logger/level.go:35.13,36.17 1 1
github.com/SPTolkachev/cinmemory/logger/level.go:39.2,39.11 1 1
github.com/SPTolkachev/cinmemory/logger/logger.go:27.54,28.22 1 2
github.com/SPTolkachev/cinmemory/logger/logger.go:28.22,30.3 1 1
github.com/SPTolkachev/cinmemory/logger/logger.go:32.2,36.27 2 1
github.com/SPTolkachev/cinmemory/logger/logger.go:36.27,38.3 1 4
github.com/SPTolkachev/cinmemory/logger/logger.go:40.2,40.21 1 1
github.com/SPTolkachev/cinmemory/logger/logger.go:43.57,44.41 1 3
github.com/SPTolkachev/cinmemory/logger/logger.go:44.41,46.3 1 2
github.com/SPTolkachev/cinmemory/logger/logger.go:48.2,48.31 1 1
github.com/SPTolkachev/cinmemory/logger/logger.go:51.56,52.39 1 3
github.com/SPTolkachev/cinmemory/logger/logger.go:52.39,54.3 1 2
github.com/SPTolkachev/cinmemory/logger/logger.go:56.2,56.30 1 1
github.com/SPTolkachev/cinmemory/logger/logger.go:59.56,60.39 1 3
github.com/SPTolkachev/cinmemory/logger/logger.go:60.39,62.3 1 2
github.com/SPTolkachev/cinmemory/logger/logger.go:64.2,64.30 1 1
github.com/SPTolkachev/cinmemory/logger/logger.go:67.57,68.41 1 3
github.com/SPTolkachev/cinmemory/logger/logger.go:68.41,70.3 1 2
github.com/SPTolkachev/cinmemory/logger/logger.go:72.2,72.31 1 1
